[INFO] Attemping to send data
200 {'humidity': [{'status_code': 201}], 'position': [{'status_code': 201}], 'temperature': [{'status_code': 201}]}
[INFO] request made properly, your device is updated
[INFO] finished
0.0
Switch is OFF
[INFO] Attemping to send data
200 {'humidity': [{'status_code': 201}], 'position': [{'status_code': 201}], 'temperature': [{'status_code': 201}]}
[INFO] request made properly, your device is updated
[INFO] finished
0.0
Switch is OFF
[INFO] Attemping to send data
200 {'humidity': [{'status_code': 201}], 'position': [{'status_code': 201}], 'temperature': [{'status_code': 201}]}
[INFO] request made properly, your device is updated
[INFO] finished
0.0
Switch is OFF
[INFO] Attemping to send data
200 {'humidity': [{'status_code': 201}], 'position': [{'status_code': 201}], 'temperature': [{'status_code': 201}]}
[INFO] request made properly, your device is updated
[INFO] finished
0.0
Switch is OFF
[INFO] Attemping to send data
200 {'humidity': [{'status_code': 201}], 'position': [{'status_code': 201}], 'temperature': [{'status_code': 201}]}
[INFO] request made properly, your device is updated
[INFO] finished
0.0
Switch is OFF
[INFO] Attemping to send data
200 {'humidity': [{'status_code': 201}], 'position': [{'status_code': 201}], 'temperature': [{'status_code': 201}]}
[INFO] request made properly, your device is updated
[INFO] finished
0.0
Switch is OFF
[INFO] Attemping to send data
200 {'humidity': [{'status_code': 201}], 'position': [{'status_code': 201}], 'temperature': [{'status_code': 201}]}
[INFO] request made properly, your device is updated
[INFO] finished
0.0
Switch is OFF
[INFO] Attemping to send data
200 {'humidity': [{'status_code': 201}], 'position': [{'status_code': 201}], 'temperature': [{'status_code': 201}]}
[INFO] request made properly, your device is updated
[INFO] finished
0.0
Switch is OFF
[INFO] Attemping to send data
200 {'humidity': [{'status_code': 201}], 'position': [{'status_code': 201}], 'temperature': [{'status_code': 201}]}
[INFO] request made properly, your device is updated
[INFO] finished
0.0
Switch is OFF
[INFO] Attemping to send data
200 {'humidity': [{'status_code': 201}], 'position': [{'status_code': 201}], 'temperature': [{'status_code': 201}]}
[INFO] request made properly, your device is updated
[INFO] finished
0.0
Switch is OFF
[INFO] Attemping to send data
200 {'humidity': [{'status_code': 201}], 'position': [{'status_code': 201}], 'temperature': [{'status_code': 201}]}
[INFO] request made properly, your device is updated
[INFO] finished
0.0
Switch is OFF
[INFO] Attemping to send data
200 {'humidity': [{'status_code': 201}], 'position': [{'status_code': 201}], 'temperature': [{'status_code': 201}]}
[INFO] request made properly, your device is updated
[INFO] finished
0.0
Switch is OFF
[INFO] Attemping to send data
200 {'humidity': [{'status_code': 201}], 'position': [{'status_code': 201}], 'temperature': [{'status_code': 201}]}
[INFO] request made properly, your device is updated
[INFO] finished
0.0
Switch is OFF
[INFO] Attemping to send data
200 {'humidity': [{'status_code': 201}], 'position': [{'status_code': 201}], 'temperature': [{'status_code': 201}]}
[INFO] request made properly, your device is updated
[INFO] finished
0.0
Switch is OFF
[INFO] Attemping to send data
200 {'humidity': [{'status_code': 201}], 'position': [{'status_code': 201}], 'temperature': [{'status_code': 201}]}
[INFO] request made properly, your device is updated
[INFO] finished
0.0
Switch is OFF
[INFO] Attemping to send data
200 {'humidity': [{'status_code': 201}], 'position': [{'status_code': 201}], 'temperature': [{'status_code': 201}]}
[INFO] request made properly, your device is updated
[INFO] finished
0.0
Switch is OFF
[INFO] Attemping to send data
200 {'humidity': [{'status_code': 201}], 'position': [{'status_code': 201}], 'temperature': [{'status_code': 201}]}
[INFO] request made properly, your device is updated
[INFO] finished
0.0
Switch is OFF
[INFO] Attemping to send data
200 {'humidity': [{'status_code': 201}], 'position': [{'status_code': 201}], 'temperature': [{'status_code': 201}]}
[INFO] request made properly, your device is updated
[INFO] finished
0.0
Switch is OFF
[INFO] Attemping to send data
200 {'humidity': [{'status_code': 201}], 'position': [{'status_code': 201}], 'temperature': [{'status_code': 201}]}
[INFO] request made properly, your device is updated
[INFO] finished
0.0
Switch is OFF
[INFO] Attemping to send data
200 {'humidity': [{'status_code': 201}], 'position': [{'status_code': 201}], 'temperature': [{'status_code': 201}]}
[INFO] request made properly, your device is updated
[INFO] finished
0.0
Switch is OFF
[INFO] Attemping to send data
200 {'humidity': [{'status_code': 201}], 'position': [{'status_code': 201}], 'temperature': [{'status_code': 201}]}
[INFO] request made properly, your device is updated
[INFO] finished
0.0
Switch is OFF
[INFO] Attemping to send data
200 {'humidity': [{'status_code': 201}], 'position': [{'status_code': 201}], 'temperature': [{'status_code': 201}]}
[INFO] request made properly, your device is updated
[INFO] finished
0.0
Switch is OFF
[INFO] Attemping to send data
200 {'humidity': [{'status_code': 201}], 'position': [{'status_code': 201}], 'temperature': [{'status_code': 201}]}
[INFO] request made properly, your device is updated
[INFO] finished
0.0
Switch is OFF
[INFO] Attemping to send data
200 {'humidity': [{'status_code': 201}], 'position': [{'status_code': 201}], 'temperature': [{'status_code': 201}]}
[INFO] request made properly, your device is updated
[INFO] finished
0.0
Switch is OFF
[INFO] Attemping to send data
200 {'humidity': [{'status_code': 201}], 'position': [{'status_code': 201}], 'temperature': [{'status_code': 201}]}
[INFO] request made properly, your device is updated
[INFO] finished
0.0
Switch is OFF
[INFO] Attemping to send data
200 {'humidity': [{'status_code': 201}], 'position': [{'status_code': 201}], 'temperature': [{'status_code': 201}]}
[INFO] request made properly, your device is updated
[INFO] finished
0.0
Switch is OFF
[INFO] Attemping to send data
200 {'humidity': [{'status_code': 201}], 'position': [{'status_code': 201}], 'temperature': [{'status_code': 201}]}
[INFO] request made properly, your device is updated
[INFO] finished
0.0
Switch is OFF
[INFO] Attemping to send data
200 {'humidity': [{'status_code': 201}], 'position': [{'status_code': 201}], 'temperature': [{'status_code': 201}]}
[INFO] request made properly, your device is updated
[INFO] finished
0.0
Switch is OFF
[INFO] Attemping to send data
200 {'humidity': [{'status_code': 201}], 'position': [{'status_code': 201}], 'temperature': [{'status_code': 201}]}
[INFO] request made properly, your device is updated
[INFO] finished
0.0
Switch is OFF
[INFO] Attemping to send data
200 {'humidity': [{'status_code': 201}], 'position': [{'status_code': 201}], 'temperature': [{'status_code': 201}]}
[INFO] request made properly, your device is updated
[INFO] finished
0.0
Switch is OFF
[INFO] Attemping to send data
200 {'humidity': [{'status_code': 201}], 'position': [{'status_code': 201}], 'temperature': [{'status_code': 201}]}
[INFO] request made properly, your device is updated
[INFO] finished
0.0
Switch is OFF
[INFO] Attemping to send data
Traceback (most recent call last):
  File "/opt/homebrew/lib/python3.9/site-packages/urllib3/connectionpool.py", line 703, in urlopen
    httplib_response = self._make_request(
  File "/opt/homebrew/lib/python3.9/site-packages/urllib3/connectionpool.py", line 449, in _make_request
    six.raise_from(e, None)
  File "<string>", line 3, in raise_from
  File "/opt/homebrew/lib/python3.9/site-packages/urllib3/connectionpool.py", line 444, in _make_request
    httplib_response = conn.getresponse()
  File "/opt/homebrew/Cellar/python@3.9/3.9.13_1/Frameworks/Python.framework/Versions/3.9/lib/python3.9/http/client.py", line 1377, in getresponse
    response.begin()
  File "/opt/homebrew/Cellar/python@3.9/3.9.13_1/Frameworks/Python.framework/Versions/3.9/lib/python3.9/http/client.py", line 320, in begin
    version, status, reason = self._read_status()
  File "/opt/homebrew/Cellar/python@3.9/3.9.13_1/Frameworks/Python.framework/Versions/3.9/lib/python3.9/http/client.py", line 281, in _read_status
    line = str(self.fp.readline(_MAXLINE + 1), "iso-8859-1")
  File "/opt/homebrew/Cellar/python@3.9/3.9.13_1/Frameworks/Python.framework/Versions/3.9/lib/python3.9/socket.py", line 704, in readinto
    return self._sock.recv_into(b)
ConnectionResetError: [Errno 54] Connection reset by peer

During handling of the above exception, another exception occurred:

Traceback (most recent call last):
  File "/opt/homebrew/lib/python3.9/site-packages/requests/adapters.py", line 489, in send
    resp = conn.urlopen(
  File "/opt/homebrew/lib/python3.9/site-packages/urllib3/connectionpool.py", line 785, in urlopen
    retries = retries.increment(
  File "/opt/homebrew/lib/python3.9/site-packages/urllib3/util/retry.py", line 550, in increment
    raise six.reraise(type(error), error, _stacktrace)
  File "/opt/homebrew/lib/python3.9/site-packages/urllib3/packages/six.py", line 769, in reraise
    raise value.with_traceback(tb)
  File "/opt/homebrew/lib/python3.9/site-packages/urllib3/connectionpool.py", line 703, in urlopen
    httplib_response = self._make_request(
  File "/opt/homebrew/lib/python3.9/site-packages/urllib3/connectionpool.py", line 449, in _make_request
    six.raise_from(e, None)
  File "<string>", line 3, in raise_from
  File "/opt/homebrew/lib/python3.9/site-packages/urllib3/connectionpool.py", line 444, in _make_request
    httplib_response = conn.getresponse()
  File "/opt/homebrew/Cellar/python@3.9/3.9.13_1/Frameworks/Python.framework/Versions/3.9/lib/python3.9/http/client.py", line 1377, in getresponse
    response.begin()
  File "/opt/homebrew/Cellar/python@3.9/3.9.13_1/Frameworks/Python.framework/Versions/3.9/lib/python3.9/http/client.py", line 320, in begin
    version, status, reason = self._read_status()
  File "/opt/homebrew/Cellar/python@3.9/3.9.13_1/Frameworks/Python.framework/Versions/3.9/lib/python3.9/http/client.py", line 281, in _read_status
    line = str(self.fp.readline(_MAXLINE + 1), "iso-8859-1")
  File "/opt/homebrew/Cellar/python@3.9/3.9.13_1/Frameworks/Python.framework/Versions/3.9/lib/python3.9/socket.py", line 704, in readinto
    return self._sock.recv_into(b)
urllib3.exceptions.ProtocolError: ('Connection aborted.', ConnectionResetError(54, 'Connection reset by peer'))

During handling of the above exception, another exception occurred:

Traceback (most recent call last):
  File "/Users/yudhabhakti/SIC-4-Git/testubidots.py", line 74, in <module>
    main()
  File "/Users/yudhabhakti/SIC-4-Git/testubidots.py", line 66, in main
    post_request(payload)
  File "/Users/yudhabhakti/SIC-4-Git/testubidots.py", line 45, in post_request
    req = requests.post(url=url, headers=headers, json=payload)
  File "/opt/homebrew/lib/python3.9/site-packages/requests/api.py", line 115, in post
    return request("post", url, data=data, json=json, **kwargs)
  File "/opt/homebrew/lib/python3.9/site-packages/requests/api.py", line 59, in request
    return session.request(method=method, url=url, **kwargs)
  File "/opt/homebrew/lib/python3.9/site-packages/requests/sessions.py", line 587, in request
    resp = self.send(prep, **send_kwargs)
  File "/opt/homebrew/lib/python3.9/site-packages/requests/sessions.py", line 701, in send
    r = adapter.send(request, **kwargs)
  File "/opt/homebrew/lib/python3.9/site-packages/requests/adapters.py", line 547, in send
    raise ConnectionError(err, request=request)
requests.exceptions.ConnectionError: ('Connection aborted.', ConnectionResetError(54, 'Connection reset by peer'))
